[2024-11-12 04:36:00] local.ERROR: Please provide a valid cache path. {"exception":"[object] (InvalidArgumentException(code: 0): Please provide a valid cache path. at E:\\Skill-reveleation\\schoollms\\vendor\\laravel\\framework\\src\\Illuminate\\View\\Compilers\\Compiler.php:36)
[stacktrace]
#0 E:\\Skill-reveleation\\schoollms\\vendor\\laravel\\framework\\src\\Illuminate\\View\\ViewServiceProvider.php(88): Illuminate\\View\\Compilers\\Compiler->__construct()
#1 E:\\Skill-reveleation\\schoollms\\vendor\\laravel\\framework\\src\\Illuminate\\Container\\Container.php(873): Illuminate\\View\\ViewServiceProvider->Illuminate\\View\\{closure}()
#2 E:\\Skill-reveleation\\schoollms\\vendor\\laravel\\framework\\src\\Illuminate\\Container\\Container.php(758): Illuminate\\Container\\Container->build()
#3 E:\\Skill-reveleation\\schoollms\\vendor\\laravel\\framework\\src\\Illuminate\\Foundation\\Application.php(851): Illuminate\\Container\\Container->resolve()
#4 E:\\Skill-reveleation\\schoollms\\vendor\\laravel\\framework\\src\\Illuminate\\Container\\Container.php(694): Illuminate\\Foundation\\Application->resolve()
#5 E:\\Skill-reveleation\\schoollms\\vendor\\laravel\\framework\\src\\Illuminate\\Foundation\\Application.php(836): Illuminate\\Container\\Container->make()
#6 E:\\Skill-reveleation\\schoollms\\vendor\\laravel\\framework\\src\\Illuminate\\Container\\Container.php(1419): Illuminate\\Foundation\\Application->make()
#7 E:\\Skill-reveleation\\schoollms\\vendor\\laravel\\framework\\src\\Illuminate\\View\\ViewServiceProvider.php(150): Illuminate\\Container\\Container->offsetGet()
#8 [internal function]: Illuminate\\View\\ViewServiceProvider->Illuminate\\View\\{closure}()
#9 E:\\Skill-reveleation\\schoollms\\vendor\\laravel\\framework\\src\\Illuminate\\View\\Engines\\EngineResolver.php(55): call_user_func()
#10 E:\\Skill-reveleation\\schoollms\\vendor\\facade\\ignition\\src\\IgnitionServiceProvider.php(467): Illuminate\\View\\Engines\\EngineResolver->resolve()
#11 E:\\Skill-reveleation\\schoollms\\vendor\\facade\\ignition\\src\\IgnitionServiceProvider.php(158): Facade\\Ignition\\IgnitionServiceProvider->hasCustomViewEnginesRegistered()
#12 E:\\Skill-reveleation\\schoollms\\vendor\\facade\\ignition\\src\\IgnitionServiceProvider.php(101): Facade\\Ignition\\IgnitionServiceProvider->registerViewEngines()
#13 E:\\Skill-reveleation\\schoollms\\vendor\\laravel\\framework\\src\\Illuminate\\Container\\BoundMethod.php(36): Facade\\Ignition\\IgnitionServiceProvider->boot()
#14 E:\\Skill-reveleation\\schoollms\\vendor\\laravel\\framework\\src\\Illuminate\\Container\\Util.php(40): Illuminate\\Container\\BoundMethod::Illuminate\\Container\\{closure}()
#15 E:\\Skill-reveleation\\schoollms\\vendor\\laravel\\framework\\src\\Illuminate\\Container\\BoundMethod.php(93): Illuminate\\Container\\Util::unwrapIfClosure()
#16 E:\\Skill-reveleation\\schoollms\\vendor\\laravel\\framework\\src\\Illuminate\\Container\\BoundMethod.php(35): Illuminate\\Container\\BoundMethod::callBoundMethod()
#17 E:\\Skill-reveleation\\schoollms\\vendor\\laravel\\framework\\src\\Illuminate\\Container\\Container.php(653): Illuminate\\Container\\BoundMethod::call()
#18 E:\\Skill-reveleation\\schoollms\\vendor\\laravel\\framework\\src\\Illuminate\\Foundation\\Application.php(924): Illuminate\\Container\\Container->call()
#19 E:\\Skill-reveleation\\schoollms\\vendor\\laravel\\framework\\src\\Illuminate\\Foundation\\Application.php(905): Illuminate\\Foundation\\Application->bootProvider()
#20 [internal function]: Illuminate\\Foundation\\Application->Illuminate\\Foundation\\{closure}()
#21 E:\\Skill-reveleation\\schoollms\\vendor\\laravel\\framework\\src\\Illuminate\\Foundation\\Application.php(904): array_walk()
#22 E:\\Skill-reveleation\\schoollms\\vendor\\laravel\\framework\\src\\Illuminate\\Foundation\\Bootstrap\\BootProviders.php(17): Illuminate\\Foundation\\Application->boot()
#23 E:\\Skill-reveleation\\schoollms\\vendor\\laravel\\framework\\src\\Illuminate\\Foundation\\Application.php(237): Illuminate\\Foundation\\Bootstrap\\BootProviders->bootstrap()
#24 E:\\Skill-reveleation\\schoollms\\vendor\\laravel\\framework\\src\\Illuminate\\Foundation\\Http\\Kernel.php(153): Illuminate\\Foundation\\Application->bootstrapWith()
#25 E:\\Skill-reveleation\\schoollms\\vendor\\laravel\\framework\\src\\Illuminate\\Foundation\\Http\\Kernel.php(137): Illuminate\\Foundation\\Http\\Kernel->bootstrap()
#26 E:\\Skill-reveleation\\schoollms\\vendor\\laravel\\framework\\src\\Illuminate\\Foundation\\Http\\Kernel.php(111): Illuminate\\Foundation\\Http\\Kernel->sendRequestThroughRouter()
#27 E:\\Skill-reveleation\\schoollms\\public\\index.php(51): Illuminate\\Foundation\\Http\\Kernel->handle()
#28 E:\\Skill-reveleation\\schoollms\\server.php(21): require_once('...')
#29 {main}
"} 
[2024-11-12 04:36:13] local.ERROR: Please provide a valid cache path. {"exception":"[object] (InvalidArgumentException(code: 0): Please provide a valid cache path. at E:\\Skill-reveleation\\schoollms\\vendor\\laravel\\framework\\src\\Illuminate\\View\\Compilers\\Compiler.php:36)
[stacktrace]
#0 E:\\Skill-reveleation\\schoollms\\vendor\\laravel\\framework\\src\\Illuminate\\View\\ViewServiceProvider.php(88): Illuminate\\View\\Compilers\\Compiler->__construct()
#1 E:\\Skill-reveleation\\schoollms\\vendor\\laravel\\framework\\src\\Illuminate\\Container\\Container.php(873): Illuminate\\View\\ViewServiceProvider->Illuminate\\View\\{closure}()
#2 E:\\Skill-reveleation\\schoollms\\vendor\\laravel\\framework\\src\\Illuminate\\Container\\Container.php(758): Illuminate\\Container\\Container->build()
#3 E:\\Skill-reveleation\\schoollms\\vendor\\laravel\\framework\\src\\Illuminate\\Foundation\\Application.php(851): Illuminate\\Container\\Container->resolve()
#4 E:\\Skill-reveleation\\schoollms\\vendor\\laravel\\framework\\src\\Illuminate\\Container\\Container.php(694): Illuminate\\Foundation\\Application->resolve()
#5 E:\\Skill-reveleation\\schoollms\\vendor\\laravel\\framework\\src\\Illuminate\\Foundation\\Application.php(836): Illuminate\\Container\\Container->make()
#6 E:\\Skill-reveleation\\schoollms\\vendor\\laravel\\framework\\src\\Illuminate\\Container\\Container.php(1419): Illuminate\\Foundation\\Application->make()
#7 E:\\Skill-reveleation\\schoollms\\vendor\\laravel\\framework\\src\\Illuminate\\View\\ViewServiceProvider.php(150): Illuminate\\Container\\Container->offsetGet()
#8 [internal function]: Illuminate\\View\\ViewServiceProvider->Illuminate\\View\\{closure}()
#9 E:\\Skill-reveleation\\schoollms\\vendor\\laravel\\framework\\src\\Illuminate\\View\\Engines\\EngineResolver.php(55): call_user_func()
#10 E:\\Skill-reveleation\\schoollms\\vendor\\facade\\ignition\\src\\IgnitionServiceProvider.php(467): Illuminate\\View\\Engines\\EngineResolver->resolve()
#11 E:\\Skill-reveleation\\schoollms\\vendor\\facade\\ignition\\src\\IgnitionServiceProvider.php(158): Facade\\Ignition\\IgnitionServiceProvider->hasCustomViewEnginesRegistered()
#12 E:\\Skill-reveleation\\schoollms\\vendor\\facade\\ignition\\src\\IgnitionServiceProvider.php(101): Facade\\Ignition\\IgnitionServiceProvider->registerViewEngines()
#13 E:\\Skill-reveleation\\schoollms\\vendor\\laravel\\framework\\src\\Illuminate\\Container\\BoundMethod.php(36): Facade\\Ignition\\IgnitionServiceProvider->boot()
#14 E:\\Skill-reveleation\\schoollms\\vendor\\laravel\\framework\\src\\Illuminate\\Container\\Util.php(40): Illuminate\\Container\\BoundMethod::Illuminate\\Container\\{closure}()
#15 E:\\Skill-reveleation\\schoollms\\vendor\\laravel\\framework\\src\\Illuminate\\Container\\BoundMethod.php(93): Illuminate\\Container\\Util::unwrapIfClosure()
#16 E:\\Skill-reveleation\\schoollms\\vendor\\laravel\\framework\\src\\Illuminate\\Container\\BoundMethod.php(35): Illuminate\\Container\\BoundMethod::callBoundMethod()
#17 E:\\Skill-reveleation\\schoollms\\vendor\\laravel\\framework\\src\\Illuminate\\Container\\Container.php(653): Illuminate\\Container\\BoundMethod::call()
#18 E:\\Skill-reveleation\\schoollms\\vendor\\laravel\\framework\\src\\Illuminate\\Foundation\\Application.php(924): Illuminate\\Container\\Container->call()
#19 E:\\Skill-reveleation\\schoollms\\vendor\\laravel\\framework\\src\\Illuminate\\Foundation\\Application.php(905): Illuminate\\Foundation\\Application->bootProvider()
#20 [internal function]: Illuminate\\Foundation\\Application->Illuminate\\Foundation\\{closure}()
#21 E:\\Skill-reveleation\\schoollms\\vendor\\laravel\\framework\\src\\Illuminate\\Foundation\\Application.php(904): array_walk()
#22 E:\\Skill-reveleation\\schoollms\\vendor\\laravel\\framework\\src\\Illuminate\\Foundation\\Bootstrap\\BootProviders.php(17): Illuminate\\Foundation\\Application->boot()
#23 E:\\Skill-reveleation\\schoollms\\vendor\\laravel\\framework\\src\\Illuminate\\Foundation\\Application.php(237): Illuminate\\Foundation\\Bootstrap\\BootProviders->bootstrap()
#24 E:\\Skill-reveleation\\schoollms\\vendor\\laravel\\framework\\src\\Illuminate\\Foundation\\Http\\Kernel.php(153): Illuminate\\Foundation\\Application->bootstrapWith()
#25 E:\\Skill-reveleation\\schoollms\\vendor\\laravel\\framework\\src\\Illuminate\\Foundation\\Http\\Kernel.php(137): Illuminate\\Foundation\\Http\\Kernel->bootstrap()
#26 E:\\Skill-reveleation\\schoollms\\vendor\\laravel\\framework\\src\\Illuminate\\Foundation\\Http\\Kernel.php(111): Illuminate\\Foundation\\Http\\Kernel->sendRequestThroughRouter()
#27 E:\\Skill-reveleation\\schoollms\\public\\index.php(51): Illuminate\\Foundation\\Http\\Kernel->handle()
#28 E:\\Skill-reveleation\\schoollms\\server.php(21): require_once('...')
#29 {main}
"} 
[2024-11-12 04:36:17] local.ERROR: Please provide a valid cache path. {"exception":"[object] (InvalidArgumentException(code: 0): Please provide a valid cache path. at E:\\Skill-reveleation\\schoollms\\vendor\\laravel\\framework\\src\\Illuminate\\View\\Compilers\\Compiler.php:36)
[stacktrace]
#0 E:\\Skill-reveleation\\schoollms\\vendor\\laravel\\framework\\src\\Illuminate\\View\\ViewServiceProvider.php(88): Illuminate\\View\\Compilers\\Compiler->__construct()
#1 E:\\Skill-reveleation\\schoollms\\vendor\\laravel\\framework\\src\\Illuminate\\Container\\Container.php(873): Illuminate\\View\\ViewServiceProvider->Illuminate\\View\\{closure}()
#2 E:\\Skill-reveleation\\schoollms\\vendor\\laravel\\framework\\src\\Illuminate\\Container\\Container.php(758): Illuminate\\Container\\Container->build()
#3 E:\\Skill-reveleation\\schoollms\\vendor\\laravel\\framework\\src\\Illuminate\\Foundation\\Application.php(851): Illuminate\\Container\\Container->resolve()
#4 E:\\Skill-reveleation\\schoollms\\vendor\\laravel\\framework\\src\\Illuminate\\Container\\Container.php(694): Illuminate\\Foundation\\Application->resolve()
#5 E:\\Skill-reveleation\\schoollms\\vendor\\laravel\\framework\\src\\Illuminate\\Foundation\\Application.php(836): Illuminate\\Container\\Container->make()
#6 E:\\Skill-reveleation\\schoollms\\vendor\\laravel\\framework\\src\\Illuminate\\Container\\Container.php(1419): Illuminate\\Foundation\\Application->make()
#7 E:\\Skill-reveleation\\schoollms\\vendor\\laravel\\framework\\src\\Illuminate\\View\\ViewServiceProvider.php(150): Illuminate\\Container\\Container->offsetGet()
#8 [internal function]: Illuminate\\View\\ViewServiceProvider->Illuminate\\View\\{closure}()
#9 E:\\Skill-reveleation\\schoollms\\vendor\\laravel\\framework\\src\\Illuminate\\View\\Engines\\EngineResolver.php(55): call_user_func()
#10 E:\\Skill-reveleation\\schoollms\\vendor\\facade\\ignition\\src\\IgnitionServiceProvider.php(467): Illuminate\\View\\Engines\\EngineResolver->resolve()
#11 E:\\Skill-reveleation\\schoollms\\vendor\\facade\\ignition\\src\\IgnitionServiceProvider.php(158): Facade\\Ignition\\IgnitionServiceProvider->hasCustomViewEnginesRegistered()
#12 E:\\Skill-reveleation\\schoollms\\vendor\\facade\\ignition\\src\\IgnitionServiceProvider.php(101): Facade\\Ignition\\IgnitionServiceProvider->registerViewEngines()
#13 E:\\Skill-reveleation\\schoollms\\vendor\\laravel\\framework\\src\\Illuminate\\Container\\BoundMethod.php(36): Facade\\Ignition\\IgnitionServiceProvider->boot()
#14 E:\\Skill-reveleation\\schoollms\\vendor\\laravel\\framework\\src\\Illuminate\\Container\\Util.php(40): Illuminate\\Container\\BoundMethod::Illuminate\\Container\\{closure}()
#15 E:\\Skill-reveleation\\schoollms\\vendor\\laravel\\framework\\src\\Illuminate\\Container\\BoundMethod.php(93): Illuminate\\Container\\Util::unwrapIfClosure()
#16 E:\\Skill-reveleation\\schoollms\\vendor\\laravel\\framework\\src\\Illuminate\\Container\\BoundMethod.php(35): Illuminate\\Container\\BoundMethod::callBoundMethod()
#17 E:\\Skill-reveleation\\schoollms\\vendor\\laravel\\framework\\src\\Illuminate\\Container\\Container.php(653): Illuminate\\Container\\BoundMethod::call()
#18 E:\\Skill-reveleation\\schoollms\\vendor\\laravel\\framework\\src\\Illuminate\\Foundation\\Application.php(924): Illuminate\\Container\\Container->call()
#19 E:\\Skill-reveleation\\schoollms\\vendor\\laravel\\framework\\src\\Illuminate\\Foundation\\Application.php(905): Illuminate\\Foundation\\Application->bootProvider()
#20 [internal function]: Illuminate\\Foundation\\Application->Illuminate\\Foundation\\{closure}()
#21 E:\\Skill-reveleation\\schoollms\\vendor\\laravel\\framework\\src\\Illuminate\\Foundation\\Application.php(904): array_walk()
#22 E:\\Skill-reveleation\\schoollms\\vendor\\laravel\\framework\\src\\Illuminate\\Foundation\\Bootstrap\\BootProviders.php(17): Illuminate\\Foundation\\Application->boot()
#23 E:\\Skill-reveleation\\schoollms\\vendor\\laravel\\framework\\src\\Illuminate\\Foundation\\Application.php(237): Illuminate\\Foundation\\Bootstrap\\BootProviders->bootstrap()
#24 E:\\Skill-reveleation\\schoollms\\vendor\\laravel\\framework\\src\\Illuminate\\Foundation\\Http\\Kernel.php(153): Illuminate\\Foundation\\Application->bootstrapWith()
#25 E:\\Skill-reveleation\\schoollms\\vendor\\laravel\\framework\\src\\Illuminate\\Foundation\\Http\\Kernel.php(137): Illuminate\\Foundation\\Http\\Kernel->bootstrap()
#26 E:\\Skill-reveleation\\schoollms\\vendor\\laravel\\framework\\src\\Illuminate\\Foundation\\Http\\Kernel.php(111): Illuminate\\Foundation\\Http\\Kernel->sendRequestThroughRouter()
#27 E:\\Skill-reveleation\\schoollms\\public\\index.php(51): Illuminate\\Foundation\\Http\\Kernel->handle()
#28 E:\\Skill-reveleation\\schoollms\\server.php(21): require_once('...')
#29 {main}
"} 
[2024-11-12 04:36:17] local.ERROR: Please provide a valid cache path. {"exception":"[object] (InvalidArgumentException(code: 0): Please provide a valid cache path. at E:\\Skill-reveleation\\schoollms\\vendor\\laravel\\framework\\src\\Illuminate\\View\\Compilers\\Compiler.php:36)
[stacktrace]
#0 E:\\Skill-reveleation\\schoollms\\vendor\\laravel\\framework\\src\\Illuminate\\View\\ViewServiceProvider.php(88): Illuminate\\View\\Compilers\\Compiler->__construct()
#1 E:\\Skill-reveleation\\schoollms\\vendor\\laravel\\framework\\src\\Illuminate\\Container\\Container.php(873): Illuminate\\View\\ViewServiceProvider->Illuminate\\View\\{closure}()
#2 E:\\Skill-reveleation\\schoollms\\vendor\\laravel\\framework\\src\\Illuminate\\Container\\Container.php(758): Illuminate\\Container\\Container->build()
#3 E:\\Skill-reveleation\\schoollms\\vendor\\laravel\\framework\\src\\Illuminate\\Foundation\\Application.php(851): Illuminate\\Container\\Container->resolve()
#4 E:\\Skill-reveleation\\schoollms\\vendor\\laravel\\framework\\src\\Illuminate\\Container\\Container.php(694): Illuminate\\Foundation\\Application->resolve()
#5 E:\\Skill-reveleation\\schoollms\\vendor\\laravel\\framework\\src\\Illuminate\\Foundation\\Application.php(836): Illuminate\\Container\\Container->make()
#6 E:\\Skill-reveleation\\schoollms\\vendor\\laravel\\framework\\src\\Illuminate\\Container\\Container.php(1419): Illuminate\\Foundation\\Application->make()
#7 E:\\Skill-reveleation\\schoollms\\vendor\\laravel\\framework\\src\\Illuminate\\View\\ViewServiceProvider.php(150): Illuminate\\Container\\Container->offsetGet()
#8 [internal function]: Illuminate\\View\\ViewServiceProvider->Illuminate\\View\\{closure}()
#9 E:\\Skill-reveleation\\schoollms\\vendor\\laravel\\framework\\src\\Illuminate\\View\\Engines\\EngineResolver.php(55): call_user_func()
#10 E:\\Skill-reveleation\\schoollms\\vendor\\facade\\ignition\\src\\IgnitionServiceProvider.php(467): Illuminate\\View\\Engines\\EngineResolver->resolve()
#11 E:\\Skill-reveleation\\schoollms\\vendor\\facade\\ignition\\src\\IgnitionServiceProvider.php(158): Facade\\Ignition\\IgnitionServiceProvider->hasCustomViewEnginesRegistered()
#12 E:\\Skill-reveleation\\schoollms\\vendor\\facade\\ignition\\src\\IgnitionServiceProvider.php(101): Facade\\Ignition\\IgnitionServiceProvider->registerViewEngines()
#13 E:\\Skill-reveleation\\schoollms\\vendor\\laravel\\framework\\src\\Illuminate\\Container\\BoundMethod.php(36): Facade\\Ignition\\IgnitionServiceProvider->boot()
#14 E:\\Skill-reveleation\\schoollms\\vendor\\laravel\\framework\\src\\Illuminate\\Container\\Util.php(40): Illuminate\\Container\\BoundMethod::Illuminate\\Container\\{closure}()
#15 E:\\Skill-reveleation\\schoollms\\vendor\\laravel\\framework\\src\\Illuminate\\Container\\BoundMethod.php(93): Illuminate\\Container\\Util::unwrapIfClosure()
#16 E:\\Skill-reveleation\\schoollms\\vendor\\laravel\\framework\\src\\Illuminate\\Container\\BoundMethod.php(35): Illuminate\\Container\\BoundMethod::callBoundMethod()
#17 E:\\Skill-reveleation\\schoollms\\vendor\\laravel\\framework\\src\\Illuminate\\Container\\Container.php(653): Illuminate\\Container\\BoundMethod::call()
#18 E:\\Skill-reveleation\\schoollms\\vendor\\laravel\\framework\\src\\Illuminate\\Foundation\\Application.php(924): Illuminate\\Container\\Container->call()
#19 E:\\Skill-reveleation\\schoollms\\vendor\\laravel\\framework\\src\\Illuminate\\Foundation\\Application.php(905): Illuminate\\Foundation\\Application->bootProvider()
#20 [internal function]: Illuminate\\Foundation\\Application->Illuminate\\Foundation\\{closure}()
#21 E:\\Skill-reveleation\\schoollms\\vendor\\laravel\\framework\\src\\Illuminate\\Foundation\\Application.php(904): array_walk()
#22 E:\\Skill-reveleation\\schoollms\\vendor\\laravel\\framework\\src\\Illuminate\\Foundation\\Bootstrap\\BootProviders.php(17): Illuminate\\Foundation\\Application->boot()
#23 E:\\Skill-reveleation\\schoollms\\vendor\\laravel\\framework\\src\\Illuminate\\Foundation\\Application.php(237): Illuminate\\Foundation\\Bootstrap\\BootProviders->bootstrap()
#24 E:\\Skill-reveleation\\schoollms\\vendor\\laravel\\framework\\src\\Illuminate\\Foundation\\Http\\Kernel.php(153): Illuminate\\Foundation\\Application->bootstrapWith()
#25 E:\\Skill-reveleation\\schoollms\\vendor\\laravel\\framework\\src\\Illuminate\\Foundation\\Http\\Kernel.php(137): Illuminate\\Foundation\\Http\\Kernel->bootstrap()
#26 E:\\Skill-reveleation\\schoollms\\vendor\\laravel\\framework\\src\\Illuminate\\Foundation\\Http\\Kernel.php(111): Illuminate\\Foundation\\Http\\Kernel->sendRequestThroughRouter()
#27 E:\\Skill-reveleation\\schoollms\\public\\index.php(51): Illuminate\\Foundation\\Http\\Kernel->handle()
#28 E:\\Skill-reveleation\\schoollms\\server.php(21): require_once('...')
#29 {main}
"} 
[2024-11-12 04:36:28] local.ERROR: Please provide a valid cache path. {"exception":"[object] (InvalidArgumentException(code: 0): Please provide a valid cache path. at E:\\Skill-reveleation\\schoollms\\vendor\\laravel\\framework\\src\\Illuminate\\View\\Compilers\\Compiler.php:36)
[stacktrace]
#0 E:\\Skill-reveleation\\schoollms\\vendor\\laravel\\framework\\src\\Illuminate\\View\\ViewServiceProvider.php(88): Illuminate\\View\\Compilers\\Compiler->__construct()
#1 E:\\Skill-reveleation\\schoollms\\vendor\\laravel\\framework\\src\\Illuminate\\Container\\Container.php(873): Illuminate\\View\\ViewServiceProvider->Illuminate\\View\\{closure}()
#2 E:\\Skill-reveleation\\schoollms\\vendor\\laravel\\framework\\src\\Illuminate\\Container\\Container.php(758): Illuminate\\Container\\Container->build()
#3 E:\\Skill-reveleation\\schoollms\\vendor\\laravel\\framework\\src\\Illuminate\\Foundation\\Application.php(851): Illuminate\\Container\\Container->resolve()
#4 E:\\Skill-reveleation\\schoollms\\vendor\\laravel\\framework\\src\\Illuminate\\Container\\Container.php(694): Illuminate\\Foundation\\Application->resolve()
#5 E:\\Skill-reveleation\\schoollms\\vendor\\laravel\\framework\\src\\Illuminate\\Foundation\\Application.php(836): Illuminate\\Container\\Container->make()
#6 E:\\Skill-reveleation\\schoollms\\vendor\\laravel\\framework\\src\\Illuminate\\Container\\Container.php(1419): Illuminate\\Foundation\\Application->make()
#7 E:\\Skill-reveleation\\schoollms\\vendor\\laravel\\framework\\src\\Illuminate\\View\\ViewServiceProvider.php(150): Illuminate\\Container\\Container->offsetGet()
#8 [internal function]: Illuminate\\View\\ViewServiceProvider->Illuminate\\View\\{closure}()
#9 E:\\Skill-reveleation\\schoollms\\vendor\\laravel\\framework\\src\\Illuminate\\View\\Engines\\EngineResolver.php(55): call_user_func()
#10 E:\\Skill-reveleation\\schoollms\\vendor\\facade\\ignition\\src\\IgnitionServiceProvider.php(467): Illuminate\\View\\Engines\\EngineResolver->resolve()
#11 E:\\Skill-reveleation\\schoollms\\vendor\\facade\\ignition\\src\\IgnitionServiceProvider.php(158): Facade\\Ignition\\IgnitionServiceProvider->hasCustomViewEnginesRegistered()
#12 E:\\Skill-reveleation\\schoollms\\vendor\\facade\\ignition\\src\\IgnitionServiceProvider.php(101): Facade\\Ignition\\IgnitionServiceProvider->registerViewEngines()
#13 E:\\Skill-reveleation\\schoollms\\vendor\\laravel\\framework\\src\\Illuminate\\Container\\BoundMethod.php(36): Facade\\Ignition\\IgnitionServiceProvider->boot()
#14 E:\\Skill-reveleation\\schoollms\\vendor\\laravel\\framework\\src\\Illuminate\\Container\\Util.php(40): Illuminate\\Container\\BoundMethod::Illuminate\\Container\\{closure}()
#15 E:\\Skill-reveleation\\schoollms\\vendor\\laravel\\framework\\src\\Illuminate\\Container\\BoundMethod.php(93): Illuminate\\Container\\Util::unwrapIfClosure()
#16 E:\\Skill-reveleation\\schoollms\\vendor\\laravel\\framework\\src\\Illuminate\\Container\\BoundMethod.php(35): Illuminate\\Container\\BoundMethod::callBoundMethod()
#17 E:\\Skill-reveleation\\schoollms\\vendor\\laravel\\framework\\src\\Illuminate\\Container\\Container.php(653): Illuminate\\Container\\BoundMethod::call()
#18 E:\\Skill-reveleation\\schoollms\\vendor\\laravel\\framework\\src\\Illuminate\\Foundation\\Application.php(924): Illuminate\\Container\\Container->call()
#19 E:\\Skill-reveleation\\schoollms\\vendor\\laravel\\framework\\src\\Illuminate\\Foundation\\Application.php(905): Illuminate\\Foundation\\Application->bootProvider()
#20 [internal function]: Illuminate\\Foundation\\Application->Illuminate\\Foundation\\{closure}()
#21 E:\\Skill-reveleation\\schoollms\\vendor\\laravel\\framework\\src\\Illuminate\\Foundation\\Application.php(904): array_walk()
#22 E:\\Skill-reveleation\\schoollms\\vendor\\laravel\\framework\\src\\Illuminate\\Foundation\\Bootstrap\\BootProviders.php(17): Illuminate\\Foundation\\Application->boot()
#23 E:\\Skill-reveleation\\schoollms\\vendor\\laravel\\framework\\src\\Illuminate\\Foundation\\Application.php(237): Illuminate\\Foundation\\Bootstrap\\BootProviders->bootstrap()
#24 E:\\Skill-reveleation\\schoollms\\vendor\\laravel\\framework\\src\\Illuminate\\Foundation\\Console\\Kernel.php(310): Illuminate\\Foundation\\Application->bootstrapWith()
#25 E:\\Skill-reveleation\\schoollms\\vendor\\laravel\\framework\\src\\Illuminate\\Foundation\\Console\\Kernel.php(127): Illuminate\\Foundation\\Console\\Kernel->bootstrap()
#26 E:\\Skill-reveleation\\schoollms\\artisan(35): Illuminate\\Foundation\\Console\\Kernel->handle()
#27 {main}
"} 
[2024-11-12 04:36:29] local.ERROR: Uncaught Whoops\Exception\ErrorException: Using ${var} in strings is deprecated, use {$var} instead in E:\Skill-reveleation\schoollms\vendor\facade\ignition\src\SolutionProviders\MergeConflictSolutionProvider.php:52
Stack trace:
#0 E:\Skill-reveleation\schoollms\vendor\composer\ClassLoader.php(576): Whoops\Run->handleError()
#1 E:\Skill-reveleation\schoollms\vendor\composer\ClassLoader.php(576): include()
#2 E:\Skill-reveleation\schoollms\vendor\composer\ClassLoader.php(427): Composer\Autoload\{closure}()
#3 [internal function]: Composer\Autoload\ClassLoader->loadClass()
#4 E:\Skill-reveleation\schoollms\vendor\facade\ignition\src\SolutionProviders\SolutionProviderRepository.php(50): class_implements()
#5 [internal function]: Facade\Ignition\SolutionProviders\SolutionProviderRepository->Facade\Ignition\SolutionProviders\{closure}()
#6 E:\Skill-reveleation\schoollms\vendor\laravel\framework\src\Illuminate\Collections\Arr.php(717): array_filter()
#7 E:\Skill-reveleation\schoollms\vendor\laravel\framework\src\Illuminate\Collections\Collection.php(358): Illuminate\Support\Arr::where()
#8 E:\Skill-reveleation\schoollms\vendor\facade\ignition\src\SolutionProviders\SolutionProviderRepository.php(49): Illuminate\Support\Collection->filter()
#9 E:\Skill-reveleation\schoollms\vendor\nunomaduro\collision\src\Adapters\Laravel\IgnitionSolutionsRepository.php(36): Facade\Ignition\SolutionProviders\SolutionProviderRepository->getSolutionsForThrowable()
#10 E:\Skill-reveleation\schoollms\vendor\nunomaduro\collision\src\Writer.php(244): NunoMaduro\Collision\Adapters\Laravel\IgnitionSolutionsRepository->getFromThrowable()
#11 E:\Skill-reveleation\schoollms\vendor\nunomaduro\collision\src\Writer.php(123): NunoMaduro\Collision\Writer->renderSolution()
#12 E:\Skill-reveleation\schoollms\vendor\nunomaduro\collision\src\Handler.php(39): NunoMaduro\Collision\Writer->write()
#13 E:\Skill-reveleation\schoollms\vendor\filp\whoops\src\Whoops\Run.php(370): NunoMaduro\Collision\Handler->handle()
#14 [internal function]: Whoops\Run->handleException()
#15 {main}
  thrown {"exception":"[object] (Symfony\\Component\\ErrorHandler\\Error\\FatalError(code: 0): Uncaught Whoops\\Exception\\ErrorException: Using ${var} in strings is deprecated, use {$var} instead in E:\\Skill-reveleation\\schoollms\\vendor\\facade\\ignition\\src\\SolutionProviders\\MergeConflictSolutionProvider.php:52
Stack trace:
#0 E:\\Skill-reveleation\\schoollms\\vendor\\composer\\ClassLoader.php(576): Whoops\\Run->handleError()
#1 E:\\Skill-reveleation\\schoollms\\vendor\\composer\\ClassLoader.php(576): include()
#2 E:\\Skill-reveleation\\schoollms\\vendor\\composer\\ClassLoader.php(427): Composer\\Autoload\\{closure}()
#3 [internal function]: Composer\\Autoload\\ClassLoader->loadClass()
#4 E:\\Skill-reveleation\\schoollms\\vendor\\facade\\ignition\\src\\SolutionProviders\\SolutionProviderRepository.php(50): class_implements()
#5 [internal function]: Facade\\Ignition\\SolutionProviders\\SolutionProviderRepository->Facade\\Ignition\\SolutionProviders\\{closure}()
#6 E:\\Skill-reveleation\\schoollms\\vendor\\laravel\\framework\\src\\Illuminate\\Collections\\Arr.php(717): array_filter()
#7 E:\\Skill-reveleation\\schoollms\\vendor\\laravel\\framework\\src\\Illuminate\\Collections\\Collection.php(358): Illuminate\\Support\\Arr::where()
#8 E:\\Skill-reveleation\\schoollms\\vendor\\facade\\ignition\\src\\SolutionProviders\\SolutionProviderRepository.php(49): Illuminate\\Support\\Collection->filter()
#9 E:\\Skill-reveleation\\schoollms\\vendor\\nunomaduro\\collision\\src\\Adapters\\Laravel\\IgnitionSolutionsRepository.php(36): Facade\\Ignition\\SolutionProviders\\SolutionProviderRepository->getSolutionsForThrowable()
#10 E:\\Skill-reveleation\\schoollms\\vendor\\nunomaduro\\collision\\src\\Writer.php(244): NunoMaduro\\Collision\\Adapters\\Laravel\\IgnitionSolutionsRepository->getFromThrowable()
#11 E:\\Skill-reveleation\\schoollms\\vendor\\nunomaduro\\collision\\src\\Writer.php(123): NunoMaduro\\Collision\\Writer->renderSolution()
#12 E:\\Skill-reveleation\\schoollms\\vendor\\nunomaduro\\collision\\src\\Handler.php(39): NunoMaduro\\Collision\\Writer->write()
#13 E:\\Skill-reveleation\\schoollms\\vendor\\filp\\whoops\\src\\Whoops\\Run.php(370): NunoMaduro\\Collision\\Handler->handle()
#14 [internal function]: Whoops\\Run->handleException()
#15 {main}
  thrown at E:\\Skill-reveleation\\schoollms\\vendor\\facade\\ignition\\src\\SolutionProviders\\MergeConflictSolutionProvider.php:52)
[stacktrace]
#0 {main}
"} 
